[2023-07-18 16:07:04,847: INFO: main: >>>>>> stage Data Ingestion stage started <<<<<<]
[2023-07-18 16:07:04,847: INFO: common: created directory at: artifacts]
[2023-07-18 16:07:04,847: INFO: common: created directory at: artifacts/data_ingestion]
[2023-07-18 16:07:04,847: ERROR: main: 'dict' object has no attribute 'root_dir']
Traceback (most recent call last):
  File "main.py", line 12, in <module>
    data_ingestion.main()
  File "E:\scaledge_projects\bird_species_classification\src\bird_classification\pipeline\stage_01_data_ingestion.py", line 37, in main
    data_ingestion_config = config.get_data_ingestion_config()
  File "E:\scaledge_projects\bird_species_classification\src\bird_classification\pipeline\stage_01_data_ingestion.py", line 21, in get_data_ingestion_config
    root_dir=config.root_dir,
AttributeError: 'dict' object has no attribute 'root_dir'
[2023-07-18 16:08:10,745: INFO: main: >>>>>> stage Data Ingestion stage started <<<<<<]
[2023-07-18 16:08:10,750: INFO: common: created directory at: artifacts]
[2023-07-18 16:08:10,750: INFO: common: created directory at: artifacts/data_ingestion]
[2023-07-18 16:09:10,813: INFO: data_ingestion: artifacts/data_ingestion/dummy_bird_species.zip download! with following info: 
Connection: close
Content-Length: 54745976
Cache-Control: max-age=300
Content-Security-Policy: default-src 'none'; style-src 'unsafe-inline'; sandbox
Content-Type: application/zip
ETag: "20bc68bdcff1f03c9e92640304ef701d40d1d189c6474563f3b7c13e872e3f5e"
Strict-Transport-Security: max-age=31536000
X-Content-Type-Options: nosniff
X-Frame-Options: deny
X-XSS-Protection: 1; mode=block
X-GitHub-Request-Id: 7CA0:08AD:1374DE1:16BCBBA:64B66B93
Accept-Ranges: bytes
Date: Tue, 18 Jul 2023 10:38:13 GMT
Via: 1.1 varnish
X-Served-By: cache-lax10633-LGB
X-Cache: MISS
X-Cache-Hits: 0
X-Timer: S1689676692.875305,VS0,VE1521
Vary: Authorization,Accept-Encoding,Origin
Access-Control-Allow-Origin: *
Cross-Origin-Resource-Policy: cross-origin
X-Fastly-Request-ID: bb0a587c32fcee4eb573c37d279f9291ca599c91
Expires: Tue, 18 Jul 2023 10:43:13 GMT
Source-Age: 1

]
[2023-07-18 16:09:11,252: INFO: main: >>>>>> stage Data Ingestion stage completed <<<<<<
]
[2023-07-19 12:14:39,273: INFO: common: created directory at: artifacts]
[2023-07-19 12:14:39,278: INFO: common: created directory at: artifacts/prepare_base_model]
[2023-07-19 12:15:51,798: INFO: common: created directory at: artifacts]
[2023-07-19 12:15:51,798: INFO: common: created directory at: artifacts/prepare_base_model]
[2023-07-19 12:16:56,741: INFO: common: created directory at: artifacts]
[2023-07-19 12:16:56,746: INFO: common: created directory at: artifacts/prepare_base_model]
[2023-07-19 12:17:37,670: INFO: common: created directory at: artifacts]
[2023-07-19 12:17:37,670: INFO: common: created directory at: artifacts/prepare_base_model]
[2023-07-19 12:23:34,598: INFO: common: created directory at: artifacts]
[2023-07-19 12:23:34,603: INFO: common: created directory at: artifacts/prepare_base_model]
[2023-07-19 12:30:19,932: INFO: common: created directory at: artifacts]
[2023-07-19 12:30:19,932: INFO: common: created directory at: artifacts/prepare_base_model]
[2023-07-19 12:31:54,257: INFO: common: created directory at: artifacts]
[2023-07-19 12:31:54,262: INFO: common: created directory at: artifacts/prepare_base_model]
[2023-07-19 12:33:22,030: INFO: common: created directory at: artifacts]
[2023-07-19 12:33:22,035: INFO: common: created directory at: artifacts/prepare_base_model]
[2023-07-19 12:33:43,300: INFO: common: created directory at: artifacts]
[2023-07-19 12:33:43,305: INFO: common: created directory at: artifacts/prepare_base_model]
[2023-07-19 12:49:22,982: INFO: common: created directory at: artifacts]
[2023-07-19 12:49:22,982: INFO: common: created directory at: artifacts/prepare_base_model]
[2023-07-19 12:52:28,986: INFO: common: created directory at: artifacts]
[2023-07-19 12:52:28,986: INFO: common: created directory at: artifacts/prepare_base_model]
[2023-07-19 12:56:31,201: INFO: common: created directory at: artifacts]
[2023-07-19 12:56:31,201: INFO: common: created directory at: artifacts/prepare_base_model]
[2023-07-19 12:57:37,225: INFO: common: created directory at: artifacts]
[2023-07-19 12:57:37,225: INFO: common: created directory at: artifacts/prepare_base_model]
[2023-07-19 13:02:36,649: INFO: common: created directory at: artifacts]
[2023-07-19 13:02:36,649: INFO: common: created directory at: artifacts/prepare_base_model]
[2023-07-19 13:35:37,384: INFO: common: created directory at: artifacts]
[2023-07-19 13:35:37,387: INFO: common: created directory at: artifacts/prepare_base_model]
[2023-07-19 13:37:04,020: INFO: common: created directory at: artifacts]
[2023-07-19 13:37:04,024: INFO: common: created directory at: artifacts/prepare_base_model]
[2023-07-19 13:52:35,407: INFO: common: created directory at: artifacts]
[2023-07-19 13:52:35,409: INFO: common: created directory at: artifacts/prepare_base_model]
[2023-07-19 15:50:59,438: INFO: common: created directory at: artifacts]
[2023-07-19 15:50:59,443: INFO: common: created directory at: artifacts/prepare_base_model]
[2023-07-19 15:52:45,271: INFO: common: created directory at: artifacts]
[2023-07-19 15:52:45,276: INFO: common: created directory at: artifacts/prepare_base_model]
[2023-07-19 15:53:36,602: INFO: common: created directory at: artifacts]
[2023-07-19 15:53:36,602: INFO: common: created directory at: artifacts/prepare_base_model]
[2023-07-19 15:54:18,183: INFO: common: created directory at: artifacts]
[2023-07-19 15:54:18,183: INFO: common: created directory at: artifacts/prepare_base_model]
[2023-07-20 10:18:35,990: INFO: common: created directory at: artifacts]
[2023-07-20 10:22:16,240: INFO: common: created directory at: artifacts]
[2023-07-20 17:00:57,883: INFO: common: created directory at: artifacts]
[2023-07-20 17:00:57,890: INFO: common: created directory at: artifacts\training]
[2023-07-20 17:03:14,553: INFO: common: created directory at: artifacts]
[2023-07-20 17:03:14,555: INFO: common: created directory at: artifacts\training]
[2023-07-20 17:03:41,991: INFO: common: created directory at: artifacts]
[2023-07-20 17:03:41,994: INFO: common: created directory at: artifacts\training]
[2023-07-20 19:08:38,362: INFO: common: created directory at: artifacts]
[2023-07-20 19:10:34,444: INFO: common: created directory at: artifacts]
[2023-07-20 19:11:04,271: INFO: common: created directory at: artifacts]
[2023-07-20 19:12:21,433: INFO: common: created directory at: artifacts]
[2023-07-20 19:13:57,188: INFO: common: created directory at: artifacts]
[2023-07-20 19:18:27,626: INFO: common: created directory at: artifacts]
[2023-07-20 19:19:07,088: INFO: common: created directory at: artifacts]
[2023-07-20 19:19:09,130: INFO: common: created directory at: artifacts]
[2023-07-20 19:19:15,276: INFO: common: created directory at: artifacts]
[2023-07-20 19:20:23,283: INFO: common: created directory at: artifacts]
[2023-07-20 19:20:39,789: INFO: common: created directory at: artifacts]
[2023-07-20 19:20:54,143: INFO: common: created directory at: artifacts]
[2023-07-20 19:21:31,437: INFO: common: created directory at: artifacts]
[2023-07-20 19:22:45,952: INFO: common: created directory at: artifacts]
[2023-07-20 19:34:00,118: INFO: common: created directory at: artifacts]
[2023-07-20 19:34:00,118: INFO: common: created directory at: artifacts\training]
[2023-07-20 19:34:19,419: INFO: common: created directory at: artifacts]
[2023-07-20 19:34:19,419: INFO: common: created directory at: artifacts\training]
[2023-07-20 19:37:52,361: INFO: common: created directory at: artifacts]
[2023-07-20 19:37:52,361: INFO: common: created directory at: artifacts\training]
[2023-07-20 19:38:40,245: INFO: common: created directory at: artifacts]
[2023-07-20 19:38:40,250: INFO: common: created directory at: artifacts\training]
[2023-07-20 19:41:15,407: INFO: common: created directory at: artifacts]
[2023-07-20 19:41:15,407: INFO: common: created directory at: artifacts\training]
[2023-07-20 19:42:52,076: INFO: common: created directory at: artifacts]
[2023-07-20 19:42:52,081: INFO: common: created directory at: artifacts\training]
[2023-07-20 21:00:02,773: INFO: common: created directory at: artifacts]
[2023-07-20 21:00:02,773: INFO: common: created directory at: artifacts\training]
[2023-07-20 21:01:58,407: INFO: common: created directory at: artifacts]
[2023-07-20 21:01:58,412: INFO: common: created directory at: artifacts\training]
[2023-07-20 21:01:59,259: INFO: common: created directory at: artifacts]
[2023-07-20 21:01:59,259: INFO: common: created directory at: artifacts\training]
[2023-07-20 21:03:46,787: INFO: common: created directory at: artifacts]
[2023-07-20 21:03:46,787: INFO: common: created directory at: artifacts\training]
[2023-07-20 21:04:45,643: INFO: common: created directory at: artifacts]
[2023-07-20 21:04:45,643: INFO: common: created directory at: artifacts\training]
[2023-07-20 21:05:13,991: INFO: common: created directory at: artifacts]
[2023-07-20 21:05:13,992: INFO: common: created directory at: artifacts\training]
[2023-07-20 21:05:39,307: INFO: common: created directory at: artifacts]
[2023-07-20 21:05:39,312: INFO: common: created directory at: artifacts\training]
[2023-07-20 21:06:09,852: INFO: common: created directory at: artifacts]
[2023-07-20 21:06:09,852: INFO: common: created directory at: artifacts\training]
[2023-07-21 10:09:50,824: INFO: common: created directory at: artifacts]
[2023-07-21 10:09:50,824: INFO: common: created directory at: artifacts\training]
[2023-07-21 10:09:50,900: INFO: common: created directory at: artifacts]
[2023-07-21 10:09:50,900: INFO: common: created directory at: artifacts\training]
[2023-07-21 10:09:50,958: INFO: common: created directory at: artifacts]
[2023-07-21 10:09:50,966: INFO: common: created directory at: artifacts\training]
[2023-07-21 11:08:51,378: INFO: common: created directory at: artifacts]
[2023-07-21 11:08:51,378: INFO: common: created directory at: artifacts\training]
[2023-07-21 11:21:29,190: INFO: common: created directory at: artifacts]
[2023-07-21 11:21:29,198: INFO: common: created directory at: artifacts\training]
[2023-07-21 11:23:04,826: INFO: common: created directory at: artifacts]
[2023-07-21 11:23:04,826: INFO: common: created directory at: artifacts\training]
[2023-07-21 11:23:05,385: INFO: common: created directory at: artifacts]
[2023-07-21 11:23:05,385: INFO: common: created directory at: artifacts\training]
[2023-07-21 11:26:07,086: INFO: common: created directory at: artifacts]
[2023-07-21 11:26:07,086: INFO: common: created directory at: artifacts\training]
[2023-07-21 11:26:08,519: INFO: common: created directory at: artifacts]
[2023-07-21 11:26:08,526: INFO: common: created directory at: artifacts\training]
[2023-07-21 11:31:56,899: INFO: common: created directory at: artifacts]
[2023-07-21 11:31:56,907: INFO: common: created directory at: artifacts\training]
[2023-07-21 11:31:58,777: INFO: common: created directory at: artifacts]
[2023-07-21 11:31:58,777: INFO: common: created directory at: artifacts\training]
[2023-07-21 11:32:54,759: INFO: common: created directory at: artifacts]
[2023-07-21 11:32:54,759: INFO: common: created directory at: artifacts\training]
[2023-07-21 11:32:55,515: INFO: common: created directory at: artifacts]
[2023-07-21 11:32:55,515: INFO: common: created directory at: artifacts\training]
[2023-07-21 11:37:08,935: INFO: common: created directory at: artifacts]
[2023-07-21 11:37:08,939: INFO: common: created directory at: artifacts\training]
[2023-07-21 11:44:19,219: INFO: common: created directory at: artifacts]
[2023-07-21 11:44:19,224: INFO: common: created directory at: artifacts\training]
[2023-07-21 11:44:20,662: INFO: common: created directory at: artifacts]
[2023-07-21 11:44:20,669: INFO: common: created directory at: artifacts\training]
[2023-07-21 11:47:06,412: INFO: common: created directory at: artifacts]
[2023-07-21 11:47:06,415: INFO: common: created directory at: artifacts\training]
[2023-07-21 11:50:51,693: INFO: common: created directory at: artifacts]
[2023-07-21 11:50:51,698: INFO: common: created directory at: artifacts\training]
[2023-07-21 12:25:23,334: INFO: common: created directory at: artifacts]
[2023-07-21 12:25:23,334: INFO: common: created directory at: artifacts\training]
[2023-07-21 12:28:25,419: INFO: common: created directory at: artifacts]
[2023-07-21 12:28:25,419: INFO: common: created directory at: artifacts\training]
[2023-07-21 12:28:26,350: INFO: common: created directory at: artifacts]
[2023-07-21 12:28:26,350: INFO: common: created directory at: artifacts\training]
[2023-07-21 12:28:27,063: INFO: common: created directory at: artifacts]
[2023-07-21 12:28:27,071: INFO: common: created directory at: artifacts\training]
[2023-07-21 12:31:50,914: INFO: common: created directory at: artifacts]
[2023-07-21 12:31:50,914: INFO: common: created directory at: artifacts\training]
[2023-07-21 12:31:51,724: INFO: common: created directory at: artifacts]
[2023-07-21 12:31:51,732: INFO: common: created directory at: artifacts\training]
[2023-07-21 12:31:52,407: INFO: common: created directory at: artifacts]
[2023-07-21 12:31:52,407: INFO: common: created directory at: artifacts\training]
[2023-07-21 12:36:19,260: INFO: common: created directory at: artifacts]
[2023-07-21 12:36:19,263: INFO: common: created directory at: artifacts\training]
[2023-07-21 12:36:19,851: INFO: common: created directory at: artifacts]
[2023-07-21 12:36:19,854: INFO: common: created directory at: artifacts\training]
[2023-07-21 12:36:20,201: INFO: common: created directory at: artifacts]
[2023-07-21 12:36:20,203: INFO: common: created directory at: artifacts\training]
[2023-07-21 15:51:09,338: INFO: main: >>>>>> stage Model Initialization stage started <<<<<<]
[2023-07-21 15:51:09,338: INFO: common: created directory at: artifacts]
[2023-07-21 15:51:09,338: INFO: common: created directory at: artifacts/prepare_base_model]
[2023-07-21 15:51:10,890: INFO: main: >>>>>> stage Model Initialization stage completed <<<<<<
]
[2023-07-21 15:51:10,890: INFO: main: *******************]
[2023-07-21 15:51:10,890: INFO: main: >>>>>> stage Training started <<<<<<]
[2023-07-21 15:51:10,905: INFO: common: created directory at: artifacts]
[2023-07-21 15:51:10,908: INFO: common: created directory at: artifacts\training]
[2023-07-21 15:51:10,910: ERROR: main: __init__() got an unexpected keyword argument 'testing_data']
Traceback (most recent call last):
  File "main.py", line 33, in <module>
    model_trainer.main()
  File "E:\scaledge_projects\bird_species_classification\src\bird_classification\pipeline\stage_03_model_training.py", line 13, in main
    training_config = config.get_training_config()
  File "E:\scaledge_projects\bird_species_classification\src\bird_classification\components\model_training.py", line 31, in get_training_config
    training_config = TrainingConfig(
TypeError: __init__() got an unexpected keyword argument 'testing_data'
[2023-07-21 15:55:25,969: INFO: main: *******************]
[2023-07-21 15:55:25,985: INFO: main: >>>>>> stage Training started <<<<<<]
[2023-07-21 15:55:25,989: INFO: common: created directory at: artifacts]
[2023-07-21 15:55:25,989: INFO: common: created directory at: artifacts\training]
[2023-07-21 21:15:07,981: INFO: main: >>>>>> stage Training completed <<<<<<
]
[2023-07-24 09:14:29,040: INFO: common: created directory at: artifacts]
[2023-07-24 09:14:29,042: INFO: common: created directory at: artifacts\training]
[2023-07-24 09:16:23,220: INFO: common: created directory at: artifacts]
[2023-07-24 09:16:23,225: INFO: common: created directory at: artifacts\training]
[2023-07-24 09:19:00,566: INFO: common: created directory at: artifacts]
[2023-07-24 09:19:00,568: INFO: common: created directory at: artifacts\training]
[2023-07-24 09:19:46,945: INFO: common: created directory at: artifacts]
[2023-07-24 09:19:46,948: INFO: common: created directory at: artifacts\training]
[2023-07-24 09:39:42,351: INFO: common: created directory at: artifacts]
[2023-07-24 09:39:42,352: INFO: common: created directory at: artifacts\training]
[2023-07-24 12:44:59,228: INFO: _internal: [31m[1mWARNING: This is a development server. Do not use it in a production deployment. Use a production WSGI server instead.[0m
 * Running on all addresses (0.0.0.0)
 * Running on http://127.0.0.1:80
 * Running on http://192.168.72.18:80]
[2023-07-24 12:44:59,228: INFO: _internal: [33mPress CTRL+C to quit[0m]
[2023-07-24 12:45:19,489: INFO: _internal: 127.0.0.1 - - [24/Jul/2023 12:45:19] "GET / HTTP/1.1" 200 -]
[2023-07-24 12:45:34,318: INFO: _internal: 127.0.0.1 - - [24/Jul/2023 12:45:34] "POST /predict HTTP/1.1" 200 -]
[2023-07-24 12:46:35,259: INFO: _internal: [31m[1mWARNING: This is a development server. Do not use it in a production deployment. Use a production WSGI server instead.[0m
 * Running on all addresses (0.0.0.0)
 * Running on http://127.0.0.1:80
 * Running on http://192.168.72.18:80]
[2023-07-24 12:46:35,264: INFO: _internal: [33mPress CTRL+C to quit[0m]
[2023-07-24 12:46:41,729: INFO: _internal: 127.0.0.1 - - [24/Jul/2023 12:46:41] "GET / HTTP/1.1" 200 -]
[2023-07-24 12:46:51,347: INFO: _internal: 127.0.0.1 - - [24/Jul/2023 12:46:51] "POST /predict HTTP/1.1" 200 -]
[2023-07-26 11:07:09,625: INFO: main: >>>>>> stage Data Ingestion stage started <<<<<<]
[2023-07-26 11:07:09,625: INFO: common: created directory at: artifacts]
[2023-07-26 11:07:09,625: INFO: common: created directory at: artifacts/data_ingestion]
[2023-07-26 11:07:33,032: INFO: data_ingestion: artifacts/data_ingestion/dummy_bird_species.zip download! with following info: 
Connection: close
Content-Length: 54745976
Cache-Control: max-age=300
Content-Security-Policy: default-src 'none'; style-src 'unsafe-inline'; sandbox
Content-Type: application/zip
ETag: "20bc68bdcff1f03c9e92640304ef701d40d1d189c6474563f3b7c13e872e3f5e"
Strict-Transport-Security: max-age=31536000
X-Content-Type-Options: nosniff
X-Frame-Options: deny
X-XSS-Protection: 1; mode=block
X-GitHub-Request-Id: 5FDA:6A31C:EC282:14E30E:64C0B106
Accept-Ranges: bytes
Date: Wed, 26 Jul 2023 05:37:14 GMT
Via: 1.1 varnish
X-Served-By: cache-ccu830038-CCU
X-Cache: MISS
X-Cache-Hits: 0
X-Timer: S1690349831.587674,VS0,VE4195
Vary: Authorization,Accept-Encoding,Origin
Access-Control-Allow-Origin: *
Cross-Origin-Resource-Policy: cross-origin
X-Fastly-Request-ID: f9cd53ea9f2e9d70c5d390d138d788b902ef6fa7
Expires: Wed, 26 Jul 2023 05:42:14 GMT
Source-Age: 4

]
[2023-07-26 11:07:33,438: INFO: main: >>>>>> stage Data Ingestion stage completed <<<<<<
]
[2023-07-26 11:07:33,439: INFO: main: >>>>>> stage Model Initialization stage started <<<<<<]
[2023-07-26 11:07:33,439: INFO: common: created directory at: artifacts]
[2023-07-26 11:07:33,440: INFO: common: created directory at: artifacts/prepare_base_model]
[2023-07-26 11:07:34,913: INFO: main: >>>>>> stage Model Initialization stage completed <<<<<<
]
[2023-07-26 11:07:34,914: INFO: main: *******************]
[2023-07-26 11:07:34,914: INFO: main: >>>>>> stage Training started <<<<<<]
[2023-07-26 11:07:34,920: INFO: common: created directory at: artifacts]
[2023-07-26 11:07:34,921: INFO: common: created directory at: artifacts\training]
[2023-07-26 11:07:34,921: ERROR: main: If size is a sequence, it should have 1 or 2 values]
Traceback (most recent call last):
  File "main.py", line 33, in <module>
    model_trainer.main()
  File "E:\scaledge_projects\bird-species-classification-dvc\src\bird_classification\pipeline\stage_03_model_training.py", line 53, in main
    train_set, test_set = data_preprocessing.data_normalization()
  File "E:\scaledge_projects\bird-species-classification-dvc\src\bird_classification\components\model_training.py", line 48, in data_normalization
    transforms.Resize(size=self.config.params_image_size, interpolation=Image.BILINEAR),
  File "C:\Users\SIBASIS\AppData\Local\Programs\Python\Python38\lib\site-packages\torchvision\transforms\transforms.py", line 343, in __init__
    raise ValueError("If size is a sequence, it should have 1 or 2 values")
ValueError: If size is a sequence, it should have 1 or 2 values
[2023-07-26 11:10:49,312: INFO: main: *******************]
[2023-07-26 11:10:49,312: INFO: main: >>>>>> stage Training started <<<<<<]
[2023-07-26 11:10:49,321: INFO: common: created directory at: artifacts]
[2023-07-26 11:10:49,322: INFO: common: created directory at: artifacts\training]
[2023-07-26 11:31:46,764: INFO: main: >>>>>> stage Training completed <<<<<<
]
[2023-08-11 14:39:59,929: INFO: stage_01_data_ingestion: >>>>>> stage Data Ingestion stage started <<<<<<]
[2023-08-11 14:39:59,929: INFO: common: created directory at: artifacts]
[2023-08-11 14:39:59,929: INFO: common: created directory at: artifacts/data_ingestion]
[2023-08-11 14:39:59,929: INFO: data_ingestion: File already exists of size: ~ 53463 KB]
[2023-08-11 14:40:00,399: INFO: stage_01_data_ingestion: >>>>>> stage Data Ingestion stage completed <<<<<<
]
[2023-08-11 14:40:12,934: INFO: stage_02_prepare_base_model: *******************]
[2023-08-11 14:40:12,934: INFO: stage_02_prepare_base_model: >>>>>> stage Prepare base model started <<<<<<]
[2023-08-11 14:40:12,934: INFO: common: created directory at: artifacts]
[2023-08-11 14:40:12,934: INFO: common: created directory at: artifacts/prepare_base_model]
[2023-08-11 14:40:14,538: INFO: stage_02_prepare_base_model: >>>>>> stage Prepare base model completed <<<<<<
]
[2023-08-11 14:44:27,251: INFO: stage_03_model_training: *******************]
[2023-08-11 14:44:27,251: INFO: stage_03_model_training: >>>>>> stage Training started <<<<<<]
[2023-08-11 14:44:27,251: INFO: common: created directory at: artifacts]
[2023-08-11 14:44:27,256: INFO: common: created directory at: artifacts\training]
[2023-08-11 17:04:17,512: INFO: stage_03_model_training: >>>>>> stage Training completed <<<<<<
]
[2023-08-11 17:18:22,738: INFO: stage_03_model_training: *******************]
[2023-08-11 17:18:22,739: INFO: stage_03_model_training: >>>>>> stage Training started <<<<<<]
[2023-08-11 17:18:22,739: INFO: common: created directory at: artifacts]
[2023-08-11 17:18:22,739: INFO: common: created directory at: artifacts\training]
[2023-08-11 17:41:30,074: INFO: stage_03_model_training: >>>>>> stage Training completed <<<<<<
]
